<?xml version="1.0" encoding="UTF-8"?>
<!-- Generated by org.testng.reporters.JUnitReportReporter -->
<testsuite hostname="DESKTOP-IE7JN7O" failures="0" tests="1" name="TestPack.day2" time="0.003" errors="0" timestamp="2024-11-21T17:15:07 IST" skipped="0">
  <testcase classname="TestPack.day2" name="ploan" time="0.003"/>
  <system-out/>
</testsuite> <!-- TestPack.day2 -->
