<?xml version="1.0" encoding="UTF-8"?>
<!-- Generated by org.testng.reporters.JUnitReportReporter -->
<testsuite hostname="DESKTOP-IE7JN7O" failures="0" tests="3" name="TestPack.day4" time="0.011" errors="0" timestamp="2024-11-21T17:15:07 IST" skipped="0">
  <testcase classname="TestPack.day4" name="mobHomeLogin" time="0.003"/>
  <system-out/>
  <testcase classname="TestPack.day4" name="webHomeLogin" time="0.004"/>
  <system-out/>
  <testcase classname="TestPack.day4" name="apiHomeLogin" time="0.004"/>
  <system-out/>
</testsuite> <!-- TestPack.day4 -->
