<?xml version="1.0" encoding="UTF-8"?>
<!-- Generated by org.testng.reporters.JUnitReportReporter -->
<testsuite hostname="DESKTOP-IE7JN7O" failures="0" tests="1" name="TestPack.day1" time="0.012" errors="0" timestamp="2024-11-21T17:15:07 IST" skipped="0">
  <testcase classname="TestPack.day1" name="Demo" time="0.012"/>
  <system-out/>
</testsuite> <!-- TestPack.day1 -->
